10:51:22.132 [main] INFO  testCases.TC_03LanguageLearning - starts to search language learning .
10:51:32.320 [main] INFO  testCases.TC_03LanguageLearning - successfully searched language learning .
10:51:32.601 [main] INFO  testCases.TC_03LanguageLearning - starts to filter courses by selecting different level and language .
10:52:47.809 [main] INFO  testCases.TC_03LanguageLearning - first language and different levels  are selected .
10:54:00.173 [main] INFO  testCases.TC_03LanguageLearning - second language and different levels are selected .
10:55:13.681 [main] INFO  testCases.TC_03LanguageLearning - third language and different levels are  selected .
10:56:28.154 [main] INFO  testCases.TC_03LanguageLearning - fourth language and different levels are  selected .
10:57:42.767 [main] INFO  testCases.TC_03LanguageLearning - fifth language and different levels are selected .
10:58:05.975 [main] INFO  testCases.TC_04FormFilling - start to navigate to home page.
10:58:06.337 [main] INFO  testCases.TC_04FormFilling - successfully navigate to home page.
10:58:20.022 [main] INFO  testCases.TC_04FormFilling - after navigating to home page  for enterprise is clicked .
10:58:20.700 [main] INFO  testCases.TC_04FormFilling - start to navigate to form.
10:58:27.165 [main] INFO  testCases.TC_04FormFilling - successfully navigate to form .
10:58:27.788 [main] INFO  testCases.TC_04FormFilling - starts to fill the form.
10:58:38.126 [main] INFO  testCases.TC_04FormFilling - form filling is done successfully done as per the requirement.
10:58:38.361 [main] INFO  testCases.TC_04FormFilling - starts to display and capture error message .
10:58:40.477 [main] INFO  testCases.TC_04FormFilling - error message is displayed and captured .
12:11:31.138 [main] INFO  testCases.TC_01CourseraPage -  starts to open coursera page.
12:11:32.575 [main] INFO  testCases.TC_01CourseraPage -  survey alert is ignored.
12:11:33.144 [main] INFO  testCases.TC_01CourseraPage - start to open coursera page.
12:11:33.965 [main] INFO  testCases.TC_01CourseraPage - Coursera Page is successfully displayed.
12:11:58.925 [main] INFO  testCases.TC_02Webdevelopment - start to search webdevelopment courses in search box .
12:12:06.778 [main] INFO  testCases.TC_02Webdevelopment - searching of webdevelopment courses is done successfully.
12:12:07.180 [main] INFO  testCases.TC_02Webdevelopment - starts to select level.
12:12:08.945 [main] INFO  testCases.TC_02Webdevelopment - level is selected after searching webdevelopment.
12:12:09.607 [main] INFO  testCases.TC_02Webdevelopment - starts to select language.
12:12:10.577 [main] INFO  testCases.TC_02Webdevelopment - language is successfully selected.
12:12:11.560 [main] INFO  testCases.TC_02Webdevelopment - starts to scroll up the page.
12:12:11.589 [main] INFO  testCases.TC_02Webdevelopment - page is scrolled up successfully.
12:12:12.113 [main] INFO  testCases.TC_02Webdevelopment - starts to display the first course course details.
12:12:14.783 [main] INFO  testCases.TC_02Webdevelopment - first course details is displayed successfully.
12:12:15.081 [main] INFO  testCases.TC_02Webdevelopment - starts to display the second course course details.
12:12:16.013 [main] INFO  testCases.TC_02Webdevelopment - second course details is displayed successfully.
12:12:39.273 [main] INFO  testCases.TC_03LanguageLearning - starts to search language learning .
12:12:50.125 [main] INFO  testCases.TC_03LanguageLearning - successfully searched language learning .
12:12:50.471 [main] INFO  testCases.TC_03LanguageLearning - starts to filter courses by selecting different level and language .
12:14:04.641 [main] INFO  testCases.TC_03LanguageLearning - first language and different levels  are selected .
12:15:16.820 [main] INFO  testCases.TC_03LanguageLearning - second language and different levels are selected .
12:16:31.255 [main] INFO  testCases.TC_03LanguageLearning - third language and different levels are  selected .
12:17:45.111 [main] INFO  testCases.TC_03LanguageLearning - fourth language and different levels are  selected .
12:18:59.454 [main] INFO  testCases.TC_03LanguageLearning - fifth language and different levels are selected .
12:19:22.959 [main] INFO  testCases.TC_04FormFilling - start to navigate to home page.
12:19:23.497 [main] INFO  testCases.TC_04FormFilling - successfully navigate to home page.
12:19:37.133 [main] INFO  testCases.TC_04FormFilling - after navigating to home page  for enterprise is clicked .
12:19:37.993 [main] INFO  testCases.TC_04FormFilling - start to navigate to form.
12:19:43.694 [main] INFO  testCases.TC_04FormFilling - successfully navigate to form .
12:19:44.402 [main] INFO  testCases.TC_04FormFilling - starts to fill the form.
12:19:54.752 [main] INFO  testCases.TC_04FormFilling - form filling is done successfully done as per the requirement.
12:19:54.980 [main] INFO  testCases.TC_04FormFilling - starts to display and capture error message .
